<?xml version="1.0" encoding="UTF-8"?>
<testng-results ignored="0" total="1" passed="1" failed="0" skipped="0">
  <reporter-output>
  </reporter-output>
  <suite started-at="2023-02-17T14:45:46Z" name="Default suite" finished-at="2023-02-17T14:45:56Z" duration-ms="9848">
    <groups>
    </groups>
    <test started-at="2023-02-17T14:45:46Z" name="Default test" finished-at="2023-02-17T14:45:56Z" duration-ms="9848">
      <class name="com.imb.tests.LandingTests">
        <test-method signature="TC_343435355()[pri:0, instance:com.imb.tests.LandingTests@3eb77ea8]" started-at="2023-02-17T14:45:46Z" name="TC_343435355" finished-at="2023-02-17T14:45:56Z" duration-ms="9794" status="PASS">
          <reporter-output>
          </reporter-output>
        </test-method> <!-- TC_343435355 -->
      </class> <!-- com.imb.tests.LandingTests -->
    </test> <!-- Default test -->
  </suite> <!-- Default suite -->
</testng-results>
